<testsuite failures="0" name="Features/woolworths-api-test.feature" skipped="0" tests="8" time="11.431201">
  <testcase classname="Features.woolworths-api-test" name="Check the number of races in a season Given: I want to know the number of Formula One races in 1950 When:  I retrieve the circuit list for that season Then:  there should be 7 circuits in the list returned" time="1.846298">
    <system-out>* url baseUrl ............................................................. passed
Given path '/api/f1' ...................................................... passed
When method GET ........................................................... passed
Then status 200 ........................................................... passed
* def RaceArray = $response//RaceTable .................................... passed
* def allSeasons = get RaceArray.RaceTable.Race[*].@.season ............... passed
* def currentSeason = '1950' .............................................. passed
* def expect = read('classpath:Season.js') ................................ passed
* def expectedValue = expect(currentSeason,allSeasons) .................... passed
And match //Race[@season='1950']/Circuit/CircuitName == expectedValue ..... passed
And match response count(//Race[@season='1950']/Circuit/CircuitName) == 7 . passed</system-out>
  </testcase>
  <testcase classname="Features.woolworths-api-test" name="Check the number of races in a season Given: I want to know the number of Formula One races in 1966 When:  I retrieve the circuit list for that season Then:  there should be 0 circuits in the list returned" time="1.845846">
    <system-out>* url baseUrl ............................................................. passed
Given path '/api/f1' ...................................................... passed
When method GET ........................................................... passed
Then status 200 ........................................................... passed
* def RaceArray = $response//RaceTable .................................... passed
* def allSeasons = get RaceArray.RaceTable.Race[*].@.season ............... passed
* def currentSeason = '1950' .............................................. passed
* def expect = read('classpath:Season.js') ................................ passed
* def expectedValue = expect(currentSeason,allSeasons) .................... passed
And match //Race[@season='1950']/Circuit/CircuitName == expectedValue ..... passed
And match response count(//Race[@season='1950']/Circuit/CircuitName) == 7 . passed
* url baseUrl ............................................................. passed
Given path '/api/f1' ...................................................... passed
When method GET ........................................................... passed
Then status 200 ........................................................... passed
* def RaceArray = $response//RaceTable .................................... passed
* def allSeasons = get RaceArray.RaceTable.Race[*].@.season ............... passed
* def currentSeason = '1966' .............................................. passed
* def expect = read('classpath:Season.js') ................................ passed
* def expectedValue = expect(currentSeason,allSeasons) .................... passed
And match //Race[@season='1966']/Circuit/CircuitName == expectedValue ..... passed
And match response count(//Race[@season='1966']/Circuit/CircuitName) == 0 . passed</system-out>
  </testcase>
  <testcase classname="Features.woolworths-api-test" name="Check the number of races in a season Given: I want to know the number of Formula One races in 2017 When:  I retrieve the circuit list for that season Then:  there should be 0 circuits in the list returned" time="1.846351">
    <system-out>* url baseUrl ............................................................. passed
Given path '/api/f1' ...................................................... passed
When method GET ........................................................... passed
Then status 200 ........................................................... passed
* def RaceArray = $response//RaceTable .................................... passed
* def allSeasons = get RaceArray.RaceTable.Race[*].@.season ............... passed
* def currentSeason = '1950' .............................................. passed
* def expect = read('classpath:Season.js') ................................ passed
* def expectedValue = expect(currentSeason,allSeasons) .................... passed
And match //Race[@season='1950']/Circuit/CircuitName == expectedValue ..... passed
And match response count(//Race[@season='1950']/Circuit/CircuitName) == 7 . passed
* url baseUrl ............................................................. passed
Given path '/api/f1' ...................................................... passed
When method GET ........................................................... passed
Then status 200 ........................................................... passed
* def RaceArray = $response//RaceTable .................................... passed
* def allSeasons = get RaceArray.RaceTable.Race[*].@.season ............... passed
* def currentSeason = '1966' .............................................. passed
* def expect = read('classpath:Season.js') ................................ passed
* def expectedValue = expect(currentSeason,allSeasons) .................... passed
And match //Race[@season='1966']/Circuit/CircuitName == expectedValue ..... passed
And match response count(//Race[@season='1966']/Circuit/CircuitName) == 0 . passed
* url baseUrl ............................................................. passed
Given path '/api/f1' ...................................................... passed
When method GET ........................................................... passed
Then status 200 ........................................................... passed
* def RaceArray = $response//RaceTable .................................... passed
* def allSeasons = get RaceArray.RaceTable.Race[*].@.season ............... passed
* def currentSeason = '2017' .............................................. passed
* def expect = read('classpath:Season.js') ................................ passed
* def expectedValue = expect(currentSeason,allSeasons) .................... passed
And match //Race[@season='2017']/Circuit/CircuitName == expectedValue ..... passed
And match response count(//Race[@season='2017']/Circuit/CircuitName) == 0 . passed</system-out>
  </testcase>
  <testcase classname="Features.woolworths-api-test" name="Check the number of races in a season Given: I want to know the number of Formula One races in 2016 When:  I retrieve the circuit list for that season Then:  there should be 0 circuits in the list returned" time="1.853867">
    <system-out>* url baseUrl ............................................................. passed
Given path '/api/f1' ...................................................... passed
When method GET ........................................................... passed
Then status 200 ........................................................... passed
* def RaceArray = $response//RaceTable .................................... passed
* def allSeasons = get RaceArray.RaceTable.Race[*].@.season ............... passed
* def currentSeason = '1950' .............................................. passed
* def expect = read('classpath:Season.js') ................................ passed
* def expectedValue = expect(currentSeason,allSeasons) .................... passed
And match //Race[@season='1950']/Circuit/CircuitName == expectedValue ..... passed
And match response count(//Race[@season='1950']/Circuit/CircuitName) == 7 . passed
* url baseUrl ............................................................. passed
Given path '/api/f1' ...................................................... passed
When method GET ........................................................... passed
Then status 200 ........................................................... passed
* def RaceArray = $response//RaceTable .................................... passed
* def allSeasons = get RaceArray.RaceTable.Race[*].@.season ............... passed
* def currentSeason = '1966' .............................................. passed
* def expect = read('classpath:Season.js') ................................ passed
* def expectedValue = expect(currentSeason,allSeasons) .................... passed
And match //Race[@season='1966']/Circuit/CircuitName == expectedValue ..... passed
And match response count(//Race[@season='1966']/Circuit/CircuitName) == 0 . passed
* url baseUrl ............................................................. passed
Given path '/api/f1' ...................................................... passed
When method GET ........................................................... passed
Then status 200 ........................................................... passed
* def RaceArray = $response//RaceTable .................................... passed
* def allSeasons = get RaceArray.RaceTable.Race[*].@.season ............... passed
* def currentSeason = '2017' .............................................. passed
* def expect = read('classpath:Season.js') ................................ passed
* def expectedValue = expect(currentSeason,allSeasons) .................... passed
And match //Race[@season='2017']/Circuit/CircuitName == expectedValue ..... passed
And match response count(//Race[@season='2017']/Circuit/CircuitName) == 0 . passed
* url baseUrl ............................................................. passed
Given path '/api/f1' ...................................................... passed
When method GET ........................................................... passed
Then status 200 ........................................................... passed
* def RaceArray = $response//RaceTable .................................... passed
* def allSeasons = get RaceArray.RaceTable.Race[*].@.season ............... passed
* def currentSeason = '2016' .............................................. passed
* def expect = read('classpath:Season.js') ................................ passed
* def expectedValue = expect(currentSeason,allSeasons) .................... passed
And match //Race[@season='2016']/Circuit/CircuitName == expectedValue ..... passed
And match response count(//Race[@season='2016']/Circuit/CircuitName) == 0 . passed</system-out>
  </testcase>
  <testcase classname="Features.woolworths-api-test" name="Check the number of races in a season Given: I want to know the number of Formula One races in 1951 When:  I retrieve the circuit list for that season Then:  there should be 8 circuits in the list returned" time="1.858496">
    <system-out>* url baseUrl ............................................................. passed
Given path '/api/f1' ...................................................... passed
When method GET ........................................................... passed
Then status 200 ........................................................... passed
* def RaceArray = $response//RaceTable .................................... passed
* def allSeasons = get RaceArray.RaceTable.Race[*].@.season ............... passed
* def currentSeason = '1950' .............................................. passed
* def expect = read('classpath:Season.js') ................................ passed
* def expectedValue = expect(currentSeason,allSeasons) .................... passed
And match //Race[@season='1950']/Circuit/CircuitName == expectedValue ..... passed
And match response count(//Race[@season='1950']/Circuit/CircuitName) == 7 . passed
* url baseUrl ............................................................. passed
Given path '/api/f1' ...................................................... passed
When method GET ........................................................... passed
Then status 200 ........................................................... passed
* def RaceArray = $response//RaceTable .................................... passed
* def allSeasons = get RaceArray.RaceTable.Race[*].@.season ............... passed
* def currentSeason = '1966' .............................................. passed
* def expect = read('classpath:Season.js') ................................ passed
* def expectedValue = expect(currentSeason,allSeasons) .................... passed
And match //Race[@season='1966']/Circuit/CircuitName == expectedValue ..... passed
And match response count(//Race[@season='1966']/Circuit/CircuitName) == 0 . passed
* url baseUrl ............................................................. passed
Given path '/api/f1' ...................................................... passed
When method GET ........................................................... passed
Then status 200 ........................................................... passed
* def RaceArray = $response//RaceTable .................................... passed
* def allSeasons = get RaceArray.RaceTable.Race[*].@.season ............... passed
* def currentSeason = '2017' .............................................. passed
* def expect = read('classpath:Season.js') ................................ passed
* def expectedValue = expect(currentSeason,allSeasons) .................... passed
And match //Race[@season='2017']/Circuit/CircuitName == expectedValue ..... passed
And match response count(//Race[@season='2017']/Circuit/CircuitName) == 0 . passed
* url baseUrl ............................................................. passed
Given path '/api/f1' ...................................................... passed
When method GET ........................................................... passed
Then status 200 ........................................................... passed
* def RaceArray = $response//RaceTable .................................... passed
* def allSeasons = get RaceArray.RaceTable.Race[*].@.season ............... passed
* def currentSeason = '2016' .............................................. passed
* def expect = read('classpath:Season.js') ................................ passed
* def expectedValue = expect(currentSeason,allSeasons) .................... passed
And match //Race[@season='2016']/Circuit/CircuitName == expectedValue ..... passed
And match response count(//Race[@season='2016']/Circuit/CircuitName) == 0 . passed
* url baseUrl ............................................................. passed
Given path '/api/f1' ...................................................... passed
When method GET ........................................................... passed
Then status 200 ........................................................... passed
* def RaceArray = $response//RaceTable .................................... passed
* def allSeasons = get RaceArray.RaceTable.Race[*].@.season ............... passed
* def currentSeason = '1951' .............................................. passed
* def expect = read('classpath:Season.js') ................................ passed
* def expectedValue = expect(currentSeason,allSeasons) .................... passed
And match //Race[@season='1951']/Circuit/CircuitName == expectedValue ..... passed
And match response count(//Race[@season='1951']/Circuit/CircuitName) == 8 . passed</system-out>
  </testcase>
  <testcase classname="Features.woolworths-api-test" name="Check the number of races in a season Given: I want to know the number of Formula One races in 1952 When:  I retrieve the circuit list for that season Then:  there should be 8 circuits in the list returned" time="0.713457">
    <system-out>* url baseUrl ............................................................. passed
Given path '/api/f1' ...................................................... passed
When method GET ........................................................... passed
Then status 200 ........................................................... passed
* def RaceArray = $response//RaceTable .................................... passed
* def allSeasons = get RaceArray.RaceTable.Race[*].@.season ............... passed
* def currentSeason = '1950' .............................................. passed
* def expect = read('classpath:Season.js') ................................ passed
* def expectedValue = expect(currentSeason,allSeasons) .................... passed
And match //Race[@season='1950']/Circuit/CircuitName == expectedValue ..... passed
And match response count(//Race[@season='1950']/Circuit/CircuitName) == 7 . passed
* url baseUrl ............................................................. passed
Given path '/api/f1' ...................................................... passed
When method GET ........................................................... passed
Then status 200 ........................................................... passed
* def RaceArray = $response//RaceTable .................................... passed
* def allSeasons = get RaceArray.RaceTable.Race[*].@.season ............... passed
* def currentSeason = '1966' .............................................. passed
* def expect = read('classpath:Season.js') ................................ passed
* def expectedValue = expect(currentSeason,allSeasons) .................... passed
And match //Race[@season='1966']/Circuit/CircuitName == expectedValue ..... passed
And match response count(//Race[@season='1966']/Circuit/CircuitName) == 0 . passed
* url baseUrl ............................................................. passed
Given path '/api/f1' ...................................................... passed
When method GET ........................................................... passed
Then status 200 ........................................................... passed
* def RaceArray = $response//RaceTable .................................... passed
* def allSeasons = get RaceArray.RaceTable.Race[*].@.season ............... passed
* def currentSeason = '2017' .............................................. passed
* def expect = read('classpath:Season.js') ................................ passed
* def expectedValue = expect(currentSeason,allSeasons) .................... passed
And match //Race[@season='2017']/Circuit/CircuitName == expectedValue ..... passed
And match response count(//Race[@season='2017']/Circuit/CircuitName) == 0 . passed
* url baseUrl ............................................................. passed
Given path '/api/f1' ...................................................... passed
When method GET ........................................................... passed
Then status 200 ........................................................... passed
* def RaceArray = $response//RaceTable .................................... passed
* def allSeasons = get RaceArray.RaceTable.Race[*].@.season ............... passed
* def currentSeason = '2016' .............................................. passed
* def expect = read('classpath:Season.js') ................................ passed
* def expectedValue = expect(currentSeason,allSeasons) .................... passed
And match //Race[@season='2016']/Circuit/CircuitName == expectedValue ..... passed
And match response count(//Race[@season='2016']/Circuit/CircuitName) == 0 . passed
* url baseUrl ............................................................. passed
Given path '/api/f1' ...................................................... passed
When method GET ........................................................... passed
Then status 200 ........................................................... passed
* def RaceArray = $response//RaceTable .................................... passed
* def allSeasons = get RaceArray.RaceTable.Race[*].@.season ............... passed
* def currentSeason = '1951' .............................................. passed
* def expect = read('classpath:Season.js') ................................ passed
* def expectedValue = expect(currentSeason,allSeasons) .................... passed
And match //Race[@season='1951']/Circuit/CircuitName == expectedValue ..... passed
And match response count(//Race[@season='1951']/Circuit/CircuitName) == 8 . passed
* url baseUrl ............................................................. passed
Given path '/api/f1' ...................................................... passed
When method GET ........................................................... passed
Then status 200 ........................................................... passed
* def RaceArray = $response//RaceTable .................................... passed
* def allSeasons = get RaceArray.RaceTable.Race[*].@.season ............... passed
* def currentSeason = '1952' .............................................. passed
* def expect = read('classpath:Season.js') ................................ passed
* def expectedValue = expect(currentSeason,allSeasons) .................... passed
And match //Race[@season='1952']/Circuit/CircuitName == expectedValue ..... passed
And match response count(//Race[@season='1952']/Circuit/CircuitName) == 8 . passed</system-out>
  </testcase>
  <testcase classname="Features.woolworths-api-test" name="Check the number of races in a season Given: I want to know the number of Formula One races in 1953 When:  I retrieve the circuit list for that season Then:  there should be 7 circuits in the list returned" time="0.69504">
    <system-out>* url baseUrl ............................................................. passed
Given path '/api/f1' ...................................................... passed
When method GET ........................................................... passed
Then status 200 ........................................................... passed
* def RaceArray = $response//RaceTable .................................... passed
* def allSeasons = get RaceArray.RaceTable.Race[*].@.season ............... passed
* def currentSeason = '1950' .............................................. passed
* def expect = read('classpath:Season.js') ................................ passed
* def expectedValue = expect(currentSeason,allSeasons) .................... passed
And match //Race[@season='1950']/Circuit/CircuitName == expectedValue ..... passed
And match response count(//Race[@season='1950']/Circuit/CircuitName) == 7 . passed
* url baseUrl ............................................................. passed
Given path '/api/f1' ...................................................... passed
When method GET ........................................................... passed
Then status 200 ........................................................... passed
* def RaceArray = $response//RaceTable .................................... passed
* def allSeasons = get RaceArray.RaceTable.Race[*].@.season ............... passed
* def currentSeason = '1966' .............................................. passed
* def expect = read('classpath:Season.js') ................................ passed
* def expectedValue = expect(currentSeason,allSeasons) .................... passed
And match //Race[@season='1966']/Circuit/CircuitName == expectedValue ..... passed
And match response count(//Race[@season='1966']/Circuit/CircuitName) == 0 . passed
* url baseUrl ............................................................. passed
Given path '/api/f1' ...................................................... passed
When method GET ........................................................... passed
Then status 200 ........................................................... passed
* def RaceArray = $response//RaceTable .................................... passed
* def allSeasons = get RaceArray.RaceTable.Race[*].@.season ............... passed
* def currentSeason = '2017' .............................................. passed
* def expect = read('classpath:Season.js') ................................ passed
* def expectedValue = expect(currentSeason,allSeasons) .................... passed
And match //Race[@season='2017']/Circuit/CircuitName == expectedValue ..... passed
And match response count(//Race[@season='2017']/Circuit/CircuitName) == 0 . passed
* url baseUrl ............................................................. passed
Given path '/api/f1' ...................................................... passed
When method GET ........................................................... passed
Then status 200 ........................................................... passed
* def RaceArray = $response//RaceTable .................................... passed
* def allSeasons = get RaceArray.RaceTable.Race[*].@.season ............... passed
* def currentSeason = '2016' .............................................. passed
* def expect = read('classpath:Season.js') ................................ passed
* def expectedValue = expect(currentSeason,allSeasons) .................... passed
And match //Race[@season='2016']/Circuit/CircuitName == expectedValue ..... passed
And match response count(//Race[@season='2016']/Circuit/CircuitName) == 0 . passed
* url baseUrl ............................................................. passed
Given path '/api/f1' ...................................................... passed
When method GET ........................................................... passed
Then status 200 ........................................................... passed
* def RaceArray = $response//RaceTable .................................... passed
* def allSeasons = get RaceArray.RaceTable.Race[*].@.season ............... passed
* def currentSeason = '1951' .............................................. passed
* def expect = read('classpath:Season.js') ................................ passed
* def expectedValue = expect(currentSeason,allSeasons) .................... passed
And match //Race[@season='1951']/Circuit/CircuitName == expectedValue ..... passed
And match response count(//Race[@season='1951']/Circuit/CircuitName) == 8 . passed
* url baseUrl ............................................................. passed
Given path '/api/f1' ...................................................... passed
When method GET ........................................................... passed
Then status 200 ........................................................... passed
* def RaceArray = $response//RaceTable .................................... passed
* def allSeasons = get RaceArray.RaceTable.Race[*].@.season ............... passed
* def currentSeason = '1952' .............................................. passed
* def expect = read('classpath:Season.js') ................................ passed
* def expectedValue = expect(currentSeason,allSeasons) .................... passed
And match //Race[@season='1952']/Circuit/CircuitName == expectedValue ..... passed
And match response count(//Race[@season='1952']/Circuit/CircuitName) == 8 . passed
* url baseUrl ............................................................. passed
Given path '/api/f1' ...................................................... passed
When method GET ........................................................... passed
Then status 200 ........................................................... passed
* def RaceArray = $response//RaceTable .................................... passed
* def allSeasons = get RaceArray.RaceTable.Race[*].@.season ............... passed
* def currentSeason = '1953' .............................................. passed
* def expect = read('classpath:Season.js') ................................ passed
* def expectedValue = expect(currentSeason,allSeasons) .................... passed
And match //Race[@season='1953']/Circuit/CircuitName == expectedValue ..... passed
And match response count(//Race[@season='1953']/Circuit/CircuitName) == 7 . passed</system-out>
  </testcase>
  <testcase classname="Features.woolworths-api-test" name="Schema Validation" time="0.771846">
    <system-out>* url baseUrl ............................................................. passed
Given path '/api/f1' ...................................................... passed
When method GET ........................................................... passed
Then status 200 ........................................................... passed
* def RaceArray = $response//RaceTable .................................... passed
* def allSeasons = get RaceArray.RaceTable.Race[*].@.season ............... passed
* def currentSeason = '1950' .............................................. passed
* def expect = read('classpath:Season.js') ................................ passed
* def expectedValue = expect(currentSeason,allSeasons) .................... passed
And match //Race[@season='1950']/Circuit/CircuitName == expectedValue ..... passed
And match response count(//Race[@season='1950']/Circuit/CircuitName) == 7 . passed
* url baseUrl ............................................................. passed
Given path '/api/f1' ...................................................... passed
When method GET ........................................................... passed
Then status 200 ........................................................... passed
* def RaceArray = $response//RaceTable .................................... passed
* def allSeasons = get RaceArray.RaceTable.Race[*].@.season ............... passed
* def currentSeason = '1966' .............................................. passed
* def expect = read('classpath:Season.js') ................................ passed
* def expectedValue = expect(currentSeason,allSeasons) .................... passed
And match //Race[@season='1966']/Circuit/CircuitName == expectedValue ..... passed
And match response count(//Race[@season='1966']/Circuit/CircuitName) == 0 . passed
* url baseUrl ............................................................. passed
Given path '/api/f1' ...................................................... passed
When method GET ........................................................... passed
Then status 200 ........................................................... passed
* def RaceArray = $response//RaceTable .................................... passed
* def allSeasons = get RaceArray.RaceTable.Race[*].@.season ............... passed
* def currentSeason = '2017' .............................................. passed
* def expect = read('classpath:Season.js') ................................ passed
* def expectedValue = expect(currentSeason,allSeasons) .................... passed
And match //Race[@season='2017']/Circuit/CircuitName == expectedValue ..... passed
And match response count(//Race[@season='2017']/Circuit/CircuitName) == 0 . passed
* url baseUrl ............................................................. passed
Given path '/api/f1' ...................................................... passed
When method GET ........................................................... passed
Then status 200 ........................................................... passed
* def RaceArray = $response//RaceTable .................................... passed
* def allSeasons = get RaceArray.RaceTable.Race[*].@.season ............... passed
* def currentSeason = '2016' .............................................. passed
* def expect = read('classpath:Season.js') ................................ passed
* def expectedValue = expect(currentSeason,allSeasons) .................... passed
And match //Race[@season='2016']/Circuit/CircuitName == expectedValue ..... passed
And match response count(//Race[@season='2016']/Circuit/CircuitName) == 0 . passed
* url baseUrl ............................................................. passed
Given path '/api/f1' ...................................................... passed
When method GET ........................................................... passed
Then status 200 ........................................................... passed
* def RaceArray = $response//RaceTable .................................... passed
* def allSeasons = get RaceArray.RaceTable.Race[*].@.season ............... passed
* def currentSeason = '1951' .............................................. passed
* def expect = read('classpath:Season.js') ................................ passed
* def expectedValue = expect(currentSeason,allSeasons) .................... passed
And match //Race[@season='1951']/Circuit/CircuitName == expectedValue ..... passed
And match response count(//Race[@season='1951']/Circuit/CircuitName) == 8 . passed
* url baseUrl ............................................................. passed
Given path '/api/f1' ...................................................... passed
When method GET ........................................................... passed
Then status 200 ........................................................... passed
* def RaceArray = $response//RaceTable .................................... passed
* def allSeasons = get RaceArray.RaceTable.Race[*].@.season ............... passed
* def currentSeason = '1952' .............................................. passed
* def expect = read('classpath:Season.js') ................................ passed
* def expectedValue = expect(currentSeason,allSeasons) .................... passed
And match //Race[@season='1952']/Circuit/CircuitName == expectedValue ..... passed
And match response count(//Race[@season='1952']/Circuit/CircuitName) == 8 . passed
* url baseUrl ............................................................. passed
Given path '/api/f1' ...................................................... passed
When method GET ........................................................... passed
Then status 200 ........................................................... passed
* def RaceArray = $response//RaceTable .................................... passed
* def allSeasons = get RaceArray.RaceTable.Race[*].@.season ............... passed
* def currentSeason = '1953' .............................................. passed
* def expect = read('classpath:Season.js') ................................ passed
* def expectedValue = expect(currentSeason,allSeasons) .................... passed
And match //Race[@season='1953']/Circuit/CircuitName == expectedValue ..... passed
And match response count(//Race[@season='1953']/Circuit/CircuitName) == 7 . passed
* url baseUrl ............................................................. passed
Given path '/api/f1' ...................................................... passed
When method GET ........................................................... passed
Then status 200 ........................................................... passed
* def RaceDetails = $response//RaceTable .................................. passed
* print RaceDetails ....................................................... passed
* def allSeasons = get RaceDetails.RaceTable.Race[*].@.season ............. passed
And match each allSeasons[*] == '#string' ................................. passed
And match RaceDetails count(//Race[@season]/Circuit/CircuitName) == 30 .... passed</system-out>
  </testcase>
</testsuite>
